[debug] > Exec(early(addDefaultCommands), None, None)
[debug] > Exec(addDefaultCommands, None, None)
[debug] > Exec(early(initialize), None, None)
[debug] > Exec(initialize, None, None)
[debug] > Exec(boot, None, None)
[debug] > Exec(writeSbtVersion, None, None)
[debug] > Exec(reload, None, None)
[debug] > Exec(sbtStashOnFailure, None, None)
[debug] > Exec(onFailure loadFailed, None, None)
[debug] > Exec(loadp, None, None)
[info] welcome to sbt 1.6.2 (Private Build Java 11.0.15)
[debug] Load.defaultLoad until apply took 301.633148ms
[debug]           Load.loadUnit: plugins took 58.975703ms
[debug]           Load.loadUnit: defsScala took 0.283485ms
[debug] [Loading] Scanning directory /home/henrique/Desktop/specs-chisel/hvs_workspace/rocket_generator/HW_accelerators/fir/project
[debug] [Loading] Found non-root projects 
[debug] [Loading] Done in /home/henrique/Desktop/specs-chisel/hvs_workspace/rocket_generator/HW_accelerators/fir/project, returning: ()
[debug] deducing auto plugins based on known facts Set(Atom(sbt.plugins.CorePlugin)) and clauses Clauses(Clause(Atom(sbt.plugins.JvmPlugin),Set(Atom(sbt.plugins.IvyPlugin)))
[debug] Clause(Atom(sbt.ScriptedPlugin),Set(Atom(sbt.plugins.JvmPlugin)))
[debug] Clause(Atom(sbt.plugins.SbtPlugin),Set(Atom(sbt.ScriptedPlugin)))
[debug] Clause(Atom(sbt.plugins.SemanticdbPlugin),Set(Atom(sbt.plugins.JvmPlugin)))
[debug] Clause(Atom(sbt.plugins.JUnitXmlReportPlugin),Set(Atom(sbt.plugins.JvmPlugin)))
[debug] Clause(Atom(sbt.plugins.MiniDependencyTreePlugin),Set(Atom(sbt.plugins.JvmPlugin)))
[debug] Clause(Atom(sbt.plugins.CorePlugin),Set(Atom(sbt.plugins.IvyPlugin)))
[debug] Clause(Atom(sbt.plugins.IvyPlugin),Set(Atom(sbt.plugins.JvmPlugin)))
[debug] Clause(Atom(sbt.plugins.JvmPlugin),Set(Atom(sbt.plugins.SemanticdbPlugin)))
[debug] Clause(Atom(sbt.plugins.JvmPlugin),Set(Atom(sbt.plugins.JUnitXmlReportPlugin)))
[debug] Clause(Atom(sbt.plugins.CorePlugin),Set(Atom(sbt.plugins.Giter8TemplatePlugin)))
[debug] Clause(Atom(sbt.plugins.JvmPlugin),Set(Atom(sbt.plugins.MiniDependencyTreePlugin))))
[debug]   :: deduced result: Matched(sbt.plugins.CorePlugin,sbt.plugins.Giter8TemplatePlugin,sbt.plugins.IvyPlugin,sbt.plugins.JvmPlugin,sbt.plugins.MiniDependencyTreePlugin,sbt.plugins.JUnitXmlReportPlugin,sbt.plugins.SemanticdbPlugin)
[debug] Plugins.deducer#function took 16.09488 ms
[debug]               Load.resolveProject(fir-build) took 36.639964ms
[debug]             Load.loadTransitive: finalizeProject(Project(id fir-build, base: /home/henrique/Desktop/specs-chisel/hvs_workspace/rocket_generator/HW_accelerators/fir/project, plugins: List(<none>))) took 73.643771ms
[debug] [Loading] Done in /home/henrique/Desktop/specs-chisel/hvs_workspace/rocket_generator/HW_accelerators/fir/project, returning: (fir-build)
[debug]           Load.loadUnit: loadedProjectsRaw took 90.522159ms
[debug]           Load.loadUnit: cleanEvalClasses took 0.225363ms
[debug]         Load.loadUnit(file:/home/henrique/Desktop/specs-chisel/hvs_workspace/rocket_generator/HW_accelerators/fir/project/, ...) took 154.523847ms
[debug]       Load.apply: load took 339.837756ms
[debug]       Load.apply: resolveProjects took 6.925962ms
[debug]       Load.apply: finalTransforms took 64.731371ms
[debug]       Load.apply: config.delegates took 6.826762ms
[debug]       Load.apply: Def.make(settings)... took 369.63954ms
[debug]       Load.apply: structureIndex took 90.062278ms
[debug]       Load.apply: mkStreams took 1.495642ms
[info] loading project definition from /home/henrique/Desktop/specs-chisel/hvs_workspace/rocket_generator/HW_accelerators/fir/project
[debug] Running task... Cancel: Signal, check cycles: false, forcegc: true
[debug]     Load.loadUnit: plugins took 1410.307343ms
[debug]     Load.loadUnit: defsScala took 0.003102ms
[debug] [Loading] Scanning directory /home/henrique/Desktop/specs-chisel/hvs_workspace/rocket_generator/HW_accelerators/fir
[debug]       Load.loadUnit: mkEval took 4.354178ms
[debug] [Loading] Found root project root w/ remaining 
[debug] deducing auto plugins based on known facts Set(Atom(sbt.plugins.CorePlugin)) and clauses Clauses(Clause(Atom(sbt.plugins.JvmPlugin),Set(Atom(sbt.plugins.IvyPlugin)))
[debug] Clause(Atom(sbt.ScriptedPlugin),Set(Atom(sbt.plugins.JvmPlugin)))
[debug] Clause(Atom(sbt.plugins.SbtPlugin),Set(Atom(sbt.ScriptedPlugin)))
[debug] Clause(Atom(sbt.plugins.SemanticdbPlugin),Set(Atom(sbt.plugins.JvmPlugin)))
[debug] Clause(Atom(sbt.plugins.JUnitXmlReportPlugin),Set(Atom(sbt.plugins.JvmPlugin)))
[debug] Clause(Atom(sbt.plugins.MiniDependencyTreePlugin),Set(Atom(sbt.plugins.JvmPlugin)))
[debug] Clause(Atom(sbt.plugins.CorePlugin),Set(Atom(sbt.plugins.IvyPlugin)))
[debug] Clause(Atom(sbt.plugins.IvyPlugin),Set(Atom(sbt.plugins.JvmPlugin)))
[debug] Clause(Atom(sbt.plugins.JvmPlugin),Set(Atom(sbt.plugins.SemanticdbPlugin)))
[debug] Clause(Atom(sbt.plugins.JvmPlugin),Set(Atom(sbt.plugins.JUnitXmlReportPlugin)))
[debug] Clause(Atom(sbt.plugins.CorePlugin),Set(Atom(sbt.plugins.Giter8TemplatePlugin)))
[debug] Clause(Atom(sbt.plugins.JvmPlugin),Set(Atom(sbt.plugins.MiniDependencyTreePlugin))))
[debug]   :: deduced result: Matched(sbt.plugins.CorePlugin,sbt.plugins.Giter8TemplatePlugin,sbt.plugins.IvyPlugin,sbt.plugins.JvmPlugin,sbt.plugins.MiniDependencyTreePlugin,sbt.plugins.JUnitXmlReportPlugin,sbt.plugins.SemanticdbPlugin)
[debug] Plugins.deducer#function took 1.348122 ms
[info] loading settings for project root from build.sbt ...
[debug]         Load.resolveProject(root) took 2.16693ms
[debug]       Load.loadTransitive: finalizeProject(Project(id root, base: /home/henrique/Desktop/specs-chisel/hvs_workspace/rocket_generator/HW_accelerators/fir, plugins: List(<none>))) took 4.339649ms
[debug] [Loading] Done in /home/henrique/Desktop/specs-chisel/hvs_workspace/rocket_generator/HW_accelerators/fir, returning: (root)
[debug]     Load.loadUnit: loadedProjectsRaw took 115.356378ms
[debug]     Load.loadUnit: cleanEvalClasses took 3.299153ms
[debug]   Load.loadUnit(file:/home/henrique/Desktop/specs-chisel/hvs_workspace/rocket_generator/HW_accelerators/fir/, ...) took 1530.292532ms
[debug] Load.apply: load took 1547.649565ms
[debug] Load.apply: resolveProjects took 0.088029ms
[debug] Load.apply: finalTransforms took 8.804626ms
[debug] Load.apply: config.delegates took 0.488804ms
[debug] Load.apply: Def.make(settings)... took 70.365719ms
[debug] Load.apply: structureIndex took 20.536266ms
[debug] Load.apply: mkStreams took 0.002749ms
[info] set current project to scie (in build file:/home/henrique/Desktop/specs-chisel/hvs_workspace/rocket_generator/HW_accelerators/fir/)
[debug] > Exec(sbtPopOnFailure, None, None)
[debug] > Exec(resumeFromFailure, None, None)
[debug] > Exec(notifyUsersAboutShell, None, None)
[debug] > Exec(iflast shell, None, None)
[debug] > Exec(runMain scie.SCIEDecoderGen, None, None)
[debug] Evaluating tasks: Compile / runMain
[debug] Running task... Cancel: Signal, check cycles: false, forcegc: true
